[ 2024-06-16 22:56:43,675] 62 root - INFO Book Database was fetched
[ 2024-06-16 22:56:43,675] 198 root - INFO Book Database was fetched
[ 2024-06-16 22:56:43,691] 62 root - INFO Book Database was fetched
[ 2024-06-16 22:56:51,659] 162 root - INFO {'title': 'Cc', 'author': None, 'ISBN': '321'} was not found in databse
[ 2024-06-16 22:56:51,661] 37 root - INFO {'title': 'Cc', 'author': None, 'ISBN': '321'}: data was searched
[ 2024-06-16 22:57:07,032] 62 root - INFO Book Database was fetched
[ 2024-06-16 22:57:07,032] 198 root - INFO Book Database was fetched
[ 2024-06-16 22:57:07,048] 62 root - INFO Book Database was fetched
[ 2024-06-16 22:57:09,983] 162 root - INFO {'title': 'Cc', 'author': None, 'ISBN': None} was not found in databse
[ 2024-06-16 22:57:09,983] 37 root - INFO {'title': 'Cc', 'author': None, 'ISBN': None}: data was searched
[ 2024-06-16 22:57:31,497] 62 root - INFO Book Database was fetched
[ 2024-06-16 22:57:31,497] 198 root - INFO Book Database was fetched
[ 2024-06-16 22:57:31,513] 62 root - INFO Book Database was fetched
[ 2024-06-16 22:57:36,593] 165 root - INFO {'title': None, 'author': 'b', 'ISBN': None} was not found in databse
[ 2024-06-16 22:57:36,593] 37 root - INFO {'title': None, 'author': 'b', 'ISBN': None}: data was searched
[ 2024-06-16 22:57:49,495] 62 root - INFO Book Database was fetched
[ 2024-06-16 22:57:49,495] 198 root - INFO Book Database was fetched
[ 2024-06-16 22:57:49,511] 62 root - INFO Book Database was fetched
[ 2024-06-16 22:57:53,900] 165 root - INFO {'title': 'A', 'author': 'a', 'ISBN': None} was not found in databse
[ 2024-06-16 22:57:53,900] 37 root - INFO {'title': 'A', 'author': 'a', 'ISBN': None}: data was searched
[ 2024-06-16 22:58:01,956] 62 root - INFO Book Database was fetched
[ 2024-06-16 22:58:01,956] 198 root - INFO Book Database was fetched
[ 2024-06-16 22:58:01,973] 62 root - INFO Book Database was fetched
[ 2024-06-16 22:58:09,786] 165 root - INFO {'title': 'A', 'author': 'a', 'ISBN': '1111'} was not found in databse
[ 2024-06-16 22:58:09,786] 37 root - INFO {'title': 'A', 'author': 'a', 'ISBN': '1111'}: data was searched
[ 2024-06-16 22:58:20,256] 62 root - INFO Book Database was fetched
[ 2024-06-16 22:58:20,273] 198 root - INFO Book Database was fetched
[ 2024-06-16 22:58:20,273] 62 root - INFO Book Database was fetched
[ 2024-06-16 22:58:27,464] 165 root - INFO {'title': 'CC', 'author': 'cc', 'ISBN': '321'} was not found in databse
[ 2024-06-16 22:58:27,464] 37 root - INFO {'title': 'CC', 'author': 'cc', 'ISBN': '321'}: data was searched
[ 2024-06-16 22:58:50,618] 62 root - INFO Book Database was fetched
[ 2024-06-16 22:58:50,630] 198 root - INFO Book Database was fetched
[ 2024-06-16 22:58:50,630] 62 root - INFO Book Database was fetched
[ 2024-06-16 22:59:05,040] 165 root - INFO {'ISBN': '1111'} was not found in databse
[ 2024-06-16 22:59:05,087] 111 root - INFO Database was updates with {'title': 'AAaA', 'author': 'asd', 'ISBN': '2222'}
[ 2024-06-16 22:59:05,087] 23 root - INFO {'title': 'AAaA', 'author': 'asd', 'ISBN': '2222'} was updated successfully
[ 2024-06-16 22:59:19,512] 62 root - INFO Book Database was fetched
[ 2024-06-16 22:59:19,512] 198 root - INFO Book Database was fetched
[ 2024-06-16 22:59:19,527] 62 root - INFO Book Database was fetched
[ 2024-06-16 22:59:33,176] 165 root - INFO {'title': 'AAaA', 'author': 'asd', 'ISBN': '2222'} was not found in databse
[ 2024-06-16 22:59:33,176] 136 root - INFO {'title': 'AAaA', 'author': 'asd', 'ISBN': '2222'} was deleted from book database
[ 2024-06-16 22:59:33,207] 62 root - INFO Book Database was fetched
[ 2024-06-16 22:59:33,207] 30 root - INFO {'title': 'AAaA', 'author': 'asd', 'ISBN': '2222'} was deleted successfully
[ 2024-06-16 23:00:03,958] 62 root - INFO Book Database was fetched
[ 2024-06-16 23:00:03,973] 198 root - INFO Book Database was fetched
[ 2024-06-16 23:00:03,973] 62 root - INFO Book Database was fetched
