[ 2024-06-16 22:47:03,791] 62 root - INFO Book Database was fetched
[ 2024-06-16 22:47:03,791] 197 root - INFO Book Database was fetched
[ 2024-06-16 22:47:03,807] 62 root - INFO Book Database was fetched
[ 2024-06-16 22:47:06,553] 84 root - INFO {'title': ['A'], 'author': ['a'], 'ISBN': ['11'], 'availability': ['yes']} added successfully
[ 2024-06-16 22:47:06,678] 62 root - INFO Book Database was fetched
[ 2024-06-16 22:47:06,678] 15 root - INFO {'title': 'A', 'author': 'a', 'ISBN': '11'} was added successfully
[ 2024-06-16 22:48:14,845] 62 root - INFO Book Database was fetched
[ 2024-06-16 22:48:14,845] 197 root - INFO Book Database was fetched
[ 2024-06-16 22:48:14,861] 62 root - INFO Book Database was fetched
[ 2024-06-16 22:48:18,464] 84 root - INFO {'title': ['A'], 'author': ['a'], 'ISBN': ['1111'], 'availability': ['yes']} added successfully
[ 2024-06-16 22:48:18,479] 62 root - INFO Book Database was fetched
[ 2024-06-16 22:48:18,479] 15 root - INFO {'title': 'A', 'author': 'a', 'ISBN': '1111'} was added successfully
[ 2024-06-16 22:48:36,938] 62 root - INFO Book Database was fetched
[ 2024-06-16 22:48:36,953] 197 root - INFO Book Database was fetched
[ 2024-06-16 22:48:36,969] 62 root - INFO Book Database was fetched
[ 2024-06-16 22:48:41,661] 84 root - INFO {'title': ['B'], 'author': ['b'], 'ISBN': ['222'], 'availability': ['yes']} added successfully
[ 2024-06-16 22:48:41,693] 62 root - INFO Book Database was fetched
[ 2024-06-16 22:48:41,693] 15 root - INFO {'title': 'B', 'author': 'b', 'ISBN': '222'} was added successfully
[ 2024-06-16 22:48:44,472] 62 root - INFO Book Database was fetched
[ 2024-06-16 22:48:44,487] 197 root - INFO Book Database was fetched
[ 2024-06-16 22:48:44,487] 62 root - INFO Book Database was fetched
[ 2024-06-16 22:48:49,427] 84 root - INFO {'title': ['CC'], 'author': ['cc'], 'ISBN': ['321'], 'availability': ['yes']} added successfully
[ 2024-06-16 22:48:49,444] 62 root - INFO Book Database was fetched
[ 2024-06-16 22:48:49,444] 15 root - INFO {'title': 'CC', 'author': 'cc', 'ISBN': '321'} was added successfully
[ 2024-06-16 22:49:01,917] 62 root - INFO Book Database was fetched
[ 2024-06-16 22:49:01,917] 197 root - INFO Book Database was fetched
[ 2024-06-16 22:49:01,933] 62 root - INFO Book Database was fetched
